2016-02-04 14:43:00 INFO  [main] [kafka.utils.VerifiableProperties] - Verifying properties
2016-02-04 14:43:00 INFO  [main] [kafka.utils.VerifiableProperties] - Property batch.num.messages is overridden to 200
2016-02-04 14:43:00 INFO  [main] [kafka.utils.VerifiableProperties] - Property compressed.topics is overridden to eagleyedubboclient
2016-02-04 14:43:00 INFO  [main] [kafka.utils.VerifiableProperties] - Property compression.codec is overridden to 1
2016-02-04 14:43:00 INFO  [main] [kafka.utils.VerifiableProperties] - Property key.serializer.class is overridden to kafka.serializer.StringEncoder
2016-02-04 14:43:00 INFO  [main] [kafka.utils.VerifiableProperties] - Property message.send.max.retries is overridden to 3
2016-02-04 14:43:00 INFO  [main] [kafka.utils.VerifiableProperties] - Property metadata.broker.list is overridden to 10.10.10.174:9092,10.10.10.176:9092
2016-02-04 14:43:00 INFO  [main] [kafka.utils.VerifiableProperties] - Property partitioner.class is overridden to kafka.producer.DefaultPartitioner
2016-02-04 14:43:00 INFO  [main] [kafka.utils.VerifiableProperties] - Property producer.type is overridden to async
2016-02-04 14:43:00 INFO  [main] [kafka.utils.VerifiableProperties] - Property queue.buffering.max.messages is overridden to 5000
2016-02-04 14:43:00 INFO  [main] [kafka.utils.VerifiableProperties] - Property queue.buffering.max.ms is overridden to 1000
2016-02-04 14:43:00 INFO  [main] [kafka.utils.VerifiableProperties] - Property queue.enqueue.timeout.ms is overridden to 0
2016-02-04 14:43:00 INFO  [main] [kafka.utils.VerifiableProperties] - Property request.required.acks is overridden to 0
2016-02-04 14:43:00 INFO  [main] [kafka.utils.VerifiableProperties] - Property request.timeout.ms is overridden to 3000
2016-02-04 14:43:00 INFO  [main] [kafka.utils.VerifiableProperties] - Property retry.backoff.ms is overridden to 100
2016-02-04 14:43:00 INFO  [main] [kafka.utils.VerifiableProperties] - Property send.buffer.bytes is overridden to 100000
2016-02-04 14:43:00 INFO  [main] [kafka.utils.VerifiableProperties] - Property serializer.class is overridden to kafka.serializer.StringEncoder
2016-02-04 14:43:00 INFO  [main] [kafka.utils.VerifiableProperties] - Property topic.metadata.refresh.interval.ms is overridden to 600000
2016-02-04 14:43:28 INFO  [main] [kafka.utils.VerifiableProperties] - Verifying properties
2016-02-04 14:43:28 INFO  [main] [kafka.utils.VerifiableProperties] - Property batch.num.messages is overridden to 200
2016-02-04 14:43:28 INFO  [main] [kafka.utils.VerifiableProperties] - Property compressed.topics is overridden to eagleyedubboclient
2016-02-04 14:43:28 INFO  [main] [kafka.utils.VerifiableProperties] - Property compression.codec is overridden to 1
2016-02-04 14:43:28 INFO  [main] [kafka.utils.VerifiableProperties] - Property key.serializer.class is overridden to kafka.serializer.StringEncoder
2016-02-04 14:43:28 INFO  [main] [kafka.utils.VerifiableProperties] - Property message.send.max.retries is overridden to 3
2016-02-04 14:43:28 INFO  [main] [kafka.utils.VerifiableProperties] - Property metadata.broker.list is overridden to 10.10.10.174:9092,10.10.10.176:9092
2016-02-04 14:43:28 INFO  [main] [kafka.utils.VerifiableProperties] - Property partitioner.class is overridden to kafka.producer.DefaultPartitioner
2016-02-04 14:43:28 INFO  [main] [kafka.utils.VerifiableProperties] - Property producer.type is overridden to async
2016-02-04 14:43:28 INFO  [main] [kafka.utils.VerifiableProperties] - Property queue.buffering.max.messages is overridden to 5000
2016-02-04 14:43:28 INFO  [main] [kafka.utils.VerifiableProperties] - Property queue.buffering.max.ms is overridden to 1000
2016-02-04 14:43:28 INFO  [main] [kafka.utils.VerifiableProperties] - Property queue.enqueue.timeout.ms is overridden to 0
2016-02-04 14:43:28 INFO  [main] [kafka.utils.VerifiableProperties] - Property request.required.acks is overridden to 0
2016-02-04 14:43:28 INFO  [main] [kafka.utils.VerifiableProperties] - Property request.timeout.ms is overridden to 3000
2016-02-04 14:43:28 INFO  [main] [kafka.utils.VerifiableProperties] - Property retry.backoff.ms is overridden to 100
2016-02-04 14:43:28 INFO  [main] [kafka.utils.VerifiableProperties] - Property send.buffer.bytes is overridden to 100000
2016-02-04 14:43:28 INFO  [main] [kafka.utils.VerifiableProperties] - Property serializer.class is overridden to kafka.serializer.StringEncoder
2016-02-04 14:43:28 INFO  [main] [kafka.utils.VerifiableProperties] - Property topic.metadata.refresh.interval.ms is overridden to 600000
2016-02-04 14:43:50 INFO  [main] [kafka.utils.VerifiableProperties] - Verifying properties
2016-02-04 14:43:50 INFO  [main] [kafka.utils.VerifiableProperties] - Property batch.num.messages is overridden to 200
2016-02-04 14:43:50 INFO  [main] [kafka.utils.VerifiableProperties] - Property compressed.topics is overridden to eagleyedubboclient
2016-02-04 14:43:50 INFO  [main] [kafka.utils.VerifiableProperties] - Property compression.codec is overridden to 1
2016-02-04 14:43:50 INFO  [main] [kafka.utils.VerifiableProperties] - Property key.serializer.class is overridden to kafka.serializer.StringEncoder
2016-02-04 14:43:50 INFO  [main] [kafka.utils.VerifiableProperties] - Property message.send.max.retries is overridden to 3
2016-02-04 14:43:50 INFO  [main] [kafka.utils.VerifiableProperties] - Property metadata.broker.list is overridden to 10.10.10.174:9092,10.10.10.176:9092
2016-02-04 14:43:50 INFO  [main] [kafka.utils.VerifiableProperties] - Property partitioner.class is overridden to kafka.producer.DefaultPartitioner
2016-02-04 14:43:50 INFO  [main] [kafka.utils.VerifiableProperties] - Property producer.type is overridden to async
2016-02-04 14:43:50 INFO  [main] [kafka.utils.VerifiableProperties] - Property queue.buffering.max.messages is overridden to 5000
2016-02-04 14:43:50 INFO  [main] [kafka.utils.VerifiableProperties] - Property queue.buffering.max.ms is overridden to 1000
2016-02-04 14:43:50 INFO  [main] [kafka.utils.VerifiableProperties] - Property queue.enqueue.timeout.ms is overridden to 0
2016-02-04 14:43:50 INFO  [main] [kafka.utils.VerifiableProperties] - Property request.required.acks is overridden to 0
2016-02-04 14:43:50 INFO  [main] [kafka.utils.VerifiableProperties] - Property request.timeout.ms is overridden to 3000
2016-02-04 14:43:50 INFO  [main] [kafka.utils.VerifiableProperties] - Property retry.backoff.ms is overridden to 100
2016-02-04 14:43:50 INFO  [main] [kafka.utils.VerifiableProperties] - Property send.buffer.bytes is overridden to 100000
2016-02-04 14:43:50 INFO  [main] [kafka.utils.VerifiableProperties] - Property serializer.class is overridden to kafka.serializer.StringEncoder
2016-02-04 14:43:50 INFO  [main] [kafka.utils.VerifiableProperties] - Property topic.metadata.refresh.interval.ms is overridden to 600000
2016-02-04 14:43:50 INFO  [main] [com.yougou.eagleye.kafka.demo.KafkaProducer] - producer==>>1454568230564=hello kafka message 1454568230564
2016-02-04 14:43:50 INFO  [main] [kafka.producer.Producer] - Shutting down producer
2016-02-04 14:43:50 INFO  [main] [kafka.producer.async.ProducerSendThread] - Begin shutting down ProducerSendThread
2016-02-04 14:43:50 DEBUG [ProducerSendThread-] [kafka.producer.async.ProducerSendThread] - Handling 1 events
2016-02-04 14:43:50 DEBUG [ProducerSendThread-] [kafka.producer.async.DefaultEventHandler] - Handling 1 events
2016-02-04 14:43:50 INFO  [ProducerSendThread-] [kafka.client.ClientUtils$] - Fetching metadata from broker id:1,host:10.10.10.176,port:9092 with correlation id 0 for 1 topic(s) Set(eagleyedubboclient)
2016-02-04 14:43:50 DEBUG [ProducerSendThread-] [kafka.network.BlockingChannel] - Created socket with SO_TIMEOUT = 3000 (requested 3000), SO_RCVBUF = 8192 (requested -1), SO_SNDBUF = 100000 (requested 100000), connectTimeoutMs = 3000.
2016-02-04 14:43:50 INFO  [ProducerSendThread-] [kafka.producer.SyncProducer] - Connected to 10.10.10.176:9092 for producing
2016-02-04 14:43:50 INFO  [ProducerSendThread-] [kafka.producer.SyncProducer] - Disconnecting from 10.10.10.176:9092
2016-02-04 14:43:50 DEBUG [ProducerSendThread-] [kafka.client.ClientUtils$] - Successfully fetched metadata for 1 topic(s) Set(eagleyedubboclient)
2016-02-04 14:43:50 DEBUG [ProducerSendThread-] [kafka.producer.BrokerPartitionInfo] - Getting broker partition info for topic eagleyedubboclient
2016-02-04 14:43:50 DEBUG [ProducerSendThread-] [kafka.producer.BrokerPartitionInfo] - Partition [eagleyedubboclient,0] has leader 1
2016-02-04 14:43:50 DEBUG [ProducerSendThread-] [kafka.producer.BrokerPartitionInfo] - Partition [eagleyedubboclient,1] has leader 0
2016-02-04 14:43:50 DEBUG [ProducerSendThread-] [kafka.producer.BrokerPartitionInfo] - Partition [eagleyedubboclient,2] has leader 1
2016-02-04 14:43:50 DEBUG [ProducerSendThread-] [kafka.producer.BrokerPartitionInfo] - Partition [eagleyedubboclient,3] has leader 0
2016-02-04 14:43:50 DEBUG [ProducerSendThread-] [kafka.producer.async.DefaultEventHandler] - Broker partitions registered for topic: eagleyedubboclient are 0,1,2,3
2016-02-04 14:43:50 DEBUG [ProducerSendThread-] [kafka.producer.async.DefaultEventHandler] - Sending 1 messages with compression codec 1 to [eagleyedubboclient,1]
2016-02-04 14:43:50 DEBUG [ProducerSendThread-] [kafka.producer.async.DefaultEventHandler] - Producer sending messages with correlation id 2 for topics [eagleyedubboclient,1] to broker 0 on 10.10.10.174:9092
2016-02-04 14:43:50 DEBUG [ProducerSendThread-] [kafka.network.BlockingChannel] - Created socket with SO_TIMEOUT = 3000 (requested 3000), SO_RCVBUF = 8192 (requested -1), SO_SNDBUF = 100000 (requested 100000), connectTimeoutMs = 3000.
2016-02-04 14:43:50 INFO  [ProducerSendThread-] [kafka.producer.SyncProducer] - Connected to 10.10.10.174:9092 for producing
2016-02-04 14:43:50 DEBUG [ProducerSendThread-] [kafka.producer.async.DefaultEventHandler] - Producer sent messages with correlation id 2 for topics [eagleyedubboclient,1] to broker 0 on 10.10.10.174:9092
2016-02-04 14:43:50 INFO  [main] [kafka.producer.async.ProducerSendThread] - Shutdown ProducerSendThread complete
2016-02-04 14:43:50 INFO  [main] [kafka.producer.ProducerPool] - Closing all sync producers
2016-02-04 14:43:50 INFO  [main] [kafka.producer.SyncProducer] - Disconnecting from 10.10.10.176:9092
2016-02-04 14:43:50 INFO  [main] [kafka.producer.SyncProducer] - Disconnecting from 10.10.10.174:9092
2016-02-04 14:43:50 INFO  [main] [kafka.producer.Producer] - Producer shutdown completed in 145 ms
2016-02-04 14:44:45 INFO  [main] [kafka.utils.VerifiableProperties] - Verifying properties
2016-02-04 14:44:45 INFO  [main] [kafka.utils.VerifiableProperties] - Property batch.num.messages is overridden to 200
2016-02-04 14:44:45 INFO  [main] [kafka.utils.VerifiableProperties] - Property compressed.topics is overridden to eagleyedubboclient
2016-02-04 14:44:45 INFO  [main] [kafka.utils.VerifiableProperties] - Property compression.codec is overridden to 1
2016-02-04 14:44:45 INFO  [main] [kafka.utils.VerifiableProperties] - Property key.serializer.class is overridden to kafka.serializer.StringEncoder
2016-02-04 14:44:45 INFO  [main] [kafka.utils.VerifiableProperties] - Property message.send.max.retries is overridden to 3
2016-02-04 14:44:45 INFO  [main] [kafka.utils.VerifiableProperties] - Property metadata.broker.list is overridden to 10.10.10.174:9092,10.10.10.176:9092
2016-02-04 14:44:45 INFO  [main] [kafka.utils.VerifiableProperties] - Property partitioner.class is overridden to kafka.producer.DefaultPartitioner
2016-02-04 14:44:45 INFO  [main] [kafka.utils.VerifiableProperties] - Property producer.type is overridden to async
2016-02-04 14:44:45 INFO  [main] [kafka.utils.VerifiableProperties] - Property queue.buffering.max.messages is overridden to 5000
2016-02-04 14:44:45 INFO  [main] [kafka.utils.VerifiableProperties] - Property queue.buffering.max.ms is overridden to 1000
2016-02-04 14:44:45 INFO  [main] [kafka.utils.VerifiableProperties] - Property queue.enqueue.timeout.ms is overridden to 0
2016-02-04 14:44:45 INFO  [main] [kafka.utils.VerifiableProperties] - Property request.required.acks is overridden to 0
2016-02-04 14:44:45 INFO  [main] [kafka.utils.VerifiableProperties] - Property request.timeout.ms is overridden to 3000
2016-02-04 14:44:45 INFO  [main] [kafka.utils.VerifiableProperties] - Property retry.backoff.ms is overridden to 100
2016-02-04 14:44:45 INFO  [main] [kafka.utils.VerifiableProperties] - Property send.buffer.bytes is overridden to 100000
2016-02-04 14:44:45 INFO  [main] [kafka.utils.VerifiableProperties] - Property serializer.class is overridden to kafka.serializer.StringEncoder
2016-02-04 14:44:45 INFO  [main] [kafka.utils.VerifiableProperties] - Property topic.metadata.refresh.interval.ms is overridden to 600000
2016-02-04 14:44:45 INFO  [main] [com.yougou.eagleye.kafka.demo.KafkaProducer] - producer==>>1454568286073=hello kafka message 1454568286073
2016-02-04 14:44:45 INFO  [main] [kafka.producer.Producer] - Shutting down producer
2016-02-04 14:44:45 INFO  [main] [kafka.producer.async.ProducerSendThread] - Begin shutting down ProducerSendThread
2016-02-04 14:44:45 DEBUG [ProducerSendThread-] [kafka.producer.async.ProducerSendThread] - Handling 1 events
2016-02-04 14:44:45 DEBUG [ProducerSendThread-] [kafka.producer.async.DefaultEventHandler] - Handling 1 events
2016-02-04 14:44:45 INFO  [ProducerSendThread-] [kafka.client.ClientUtils$] - Fetching metadata from broker id:1,host:10.10.10.176,port:9092 with correlation id 0 for 1 topic(s) Set(eagleyedubboclient)
2016-02-04 14:44:45 DEBUG [ProducerSendThread-] [kafka.network.BlockingChannel] - Created socket with SO_TIMEOUT = 3000 (requested 3000), SO_RCVBUF = 8192 (requested -1), SO_SNDBUF = 100000 (requested 100000), connectTimeoutMs = 3000.
2016-02-04 14:44:45 INFO  [ProducerSendThread-] [kafka.producer.SyncProducer] - Connected to 10.10.10.176:9092 for producing
2016-02-04 14:44:46 INFO  [ProducerSendThread-] [kafka.producer.SyncProducer] - Disconnecting from 10.10.10.176:9092
2016-02-04 14:44:46 DEBUG [ProducerSendThread-] [kafka.client.ClientUtils$] - Successfully fetched metadata for 1 topic(s) Set(eagleyedubboclient)
2016-02-04 14:44:46 DEBUG [ProducerSendThread-] [kafka.producer.BrokerPartitionInfo] - Getting broker partition info for topic eagleyedubboclient
2016-02-04 14:44:46 DEBUG [ProducerSendThread-] [kafka.producer.BrokerPartitionInfo] - Partition [eagleyedubboclient,0] has leader 1
2016-02-04 14:44:46 DEBUG [ProducerSendThread-] [kafka.producer.BrokerPartitionInfo] - Partition [eagleyedubboclient,1] has leader 0
2016-02-04 14:44:46 DEBUG [ProducerSendThread-] [kafka.producer.BrokerPartitionInfo] - Partition [eagleyedubboclient,2] has leader 1
2016-02-04 14:44:46 DEBUG [ProducerSendThread-] [kafka.producer.BrokerPartitionInfo] - Partition [eagleyedubboclient,3] has leader 0
2016-02-04 14:44:46 DEBUG [ProducerSendThread-] [kafka.producer.async.DefaultEventHandler] - Broker partitions registered for topic: eagleyedubboclient are 0,1,2,3
2016-02-04 14:44:46 DEBUG [ProducerSendThread-] [kafka.producer.async.DefaultEventHandler] - Sending 1 messages with compression codec 1 to [eagleyedubboclient,1]
2016-02-04 14:44:46 DEBUG [ProducerSendThread-] [kafka.producer.async.DefaultEventHandler] - Producer sending messages with correlation id 2 for topics [eagleyedubboclient,1] to broker 0 on 10.10.10.174:9092
2016-02-04 14:44:46 DEBUG [ProducerSendThread-] [kafka.network.BlockingChannel] - Created socket with SO_TIMEOUT = 3000 (requested 3000), SO_RCVBUF = 8192 (requested -1), SO_SNDBUF = 100000 (requested 100000), connectTimeoutMs = 3000.
2016-02-04 14:44:46 INFO  [ProducerSendThread-] [kafka.producer.SyncProducer] - Connected to 10.10.10.174:9092 for producing
2016-02-04 14:44:46 DEBUG [ProducerSendThread-] [kafka.producer.async.DefaultEventHandler] - Producer sent messages with correlation id 2 for topics [eagleyedubboclient,1] to broker 0 on 10.10.10.174:9092
2016-02-04 14:44:46 INFO  [main] [kafka.producer.async.ProducerSendThread] - Shutdown ProducerSendThread complete
2016-02-04 14:44:46 INFO  [main] [kafka.producer.ProducerPool] - Closing all sync producers
2016-02-04 14:44:46 INFO  [main] [kafka.producer.SyncProducer] - Disconnecting from 10.10.10.176:9092
2016-02-04 14:44:46 INFO  [main] [kafka.producer.SyncProducer] - Disconnecting from 10.10.10.174:9092
2016-02-04 14:44:46 INFO  [main] [kafka.producer.Producer] - Producer shutdown completed in 135 ms
2016-02-04 14:47:47 INFO  [main] [kafka.utils.VerifiableProperties] - Verifying properties
2016-02-04 14:47:47 INFO  [main] [kafka.utils.VerifiableProperties] - Property batch.num.messages is overridden to 200
2016-02-04 14:47:47 INFO  [main] [kafka.utils.VerifiableProperties] - Property compressed.topics is overridden to eagleyedubboclient
2016-02-04 14:47:47 INFO  [main] [kafka.utils.VerifiableProperties] - Property compression.codec is overridden to 1
2016-02-04 14:47:47 INFO  [main] [kafka.utils.VerifiableProperties] - Property key.serializer.class is overridden to kafka.serializer.StringEncoder
2016-02-04 14:47:47 INFO  [main] [kafka.utils.VerifiableProperties] - Property message.send.max.retries is overridden to 3
2016-02-04 14:47:47 INFO  [main] [kafka.utils.VerifiableProperties] - Property metadata.broker.list is overridden to 10.10.10.174:9092,10.10.10.176:9092
2016-02-04 14:47:47 INFO  [main] [kafka.utils.VerifiableProperties] - Property partitioner.class is overridden to kafka.producer.DefaultPartitioner
2016-02-04 14:47:47 INFO  [main] [kafka.utils.VerifiableProperties] - Property producer.type is overridden to async
2016-02-04 14:47:47 INFO  [main] [kafka.utils.VerifiableProperties] - Property queue.buffering.max.messages is overridden to 5000
2016-02-04 14:47:47 INFO  [main] [kafka.utils.VerifiableProperties] - Property queue.buffering.max.ms is overridden to 1000
2016-02-04 14:47:47 INFO  [main] [kafka.utils.VerifiableProperties] - Property queue.enqueue.timeout.ms is overridden to 0
2016-02-04 14:47:47 INFO  [main] [kafka.utils.VerifiableProperties] - Property request.required.acks is overridden to 0
2016-02-04 14:47:47 INFO  [main] [kafka.utils.VerifiableProperties] - Property request.timeout.ms is overridden to 3000
2016-02-04 14:47:47 INFO  [main] [kafka.utils.VerifiableProperties] - Property retry.backoff.ms is overridden to 100
2016-02-04 14:47:47 INFO  [main] [kafka.utils.VerifiableProperties] - Property send.buffer.bytes is overridden to 100000
2016-02-04 14:47:47 INFO  [main] [kafka.utils.VerifiableProperties] - Property serializer.class is overridden to kafka.serializer.StringEncoder
2016-02-04 14:47:47 INFO  [main] [kafka.utils.VerifiableProperties] - Property topic.metadata.refresh.interval.ms is overridden to 600000
2016-02-04 14:47:47 INFO  [main] [com.yougou.eagleye.kafka.demo.KafkaProducer] - producer==>>1454568468096=hello kafka message 1454568468096
2016-02-04 14:47:47 INFO  [main] [kafka.producer.Producer] - Shutting down producer
2016-02-04 14:47:47 INFO  [main] [kafka.producer.async.ProducerSendThread] - Begin shutting down ProducerSendThread
2016-02-04 14:47:47 DEBUG [ProducerSendThread-] [kafka.producer.async.ProducerSendThread] - Handling 1 events
2016-02-04 14:47:47 DEBUG [ProducerSendThread-] [kafka.producer.async.DefaultEventHandler] - Handling 1 events
2016-02-04 14:47:47 INFO  [ProducerSendThread-] [kafka.client.ClientUtils$] - Fetching metadata from broker id:0,host:10.10.10.174,port:9092 with correlation id 0 for 1 topic(s) Set(eagleyedubboclient)
2016-02-04 14:47:47 DEBUG [ProducerSendThread-] [kafka.network.BlockingChannel] - Created socket with SO_TIMEOUT = 3000 (requested 3000), SO_RCVBUF = 8192 (requested -1), SO_SNDBUF = 100000 (requested 100000), connectTimeoutMs = 3000.
2016-02-04 14:47:47 INFO  [ProducerSendThread-] [kafka.producer.SyncProducer] - Connected to 10.10.10.174:9092 for producing
2016-02-04 14:47:48 INFO  [ProducerSendThread-] [kafka.producer.SyncProducer] - Disconnecting from 10.10.10.174:9092
2016-02-04 14:47:48 DEBUG [ProducerSendThread-] [kafka.client.ClientUtils$] - Successfully fetched metadata for 1 topic(s) Set(eagleyedubboclient)
2016-02-04 14:47:48 DEBUG [ProducerSendThread-] [kafka.producer.BrokerPartitionInfo] - Getting broker partition info for topic eagleyedubboclient
2016-02-04 14:47:48 DEBUG [ProducerSendThread-] [kafka.producer.BrokerPartitionInfo] - Partition [eagleyedubboclient,0] has leader 1
2016-02-04 14:47:48 DEBUG [ProducerSendThread-] [kafka.producer.BrokerPartitionInfo] - Partition [eagleyedubboclient,1] has leader 0
2016-02-04 14:47:48 DEBUG [ProducerSendThread-] [kafka.producer.BrokerPartitionInfo] - Partition [eagleyedubboclient,2] has leader 1
2016-02-04 14:47:48 DEBUG [ProducerSendThread-] [kafka.producer.BrokerPartitionInfo] - Partition [eagleyedubboclient,3] has leader 0
2016-02-04 14:47:48 DEBUG [ProducerSendThread-] [kafka.producer.async.DefaultEventHandler] - Broker partitions registered for topic: eagleyedubboclient are 0,1,2,3
2016-02-04 14:47:48 DEBUG [ProducerSendThread-] [kafka.producer.async.DefaultEventHandler] - Sending 1 messages with compression codec 1 to [eagleyedubboclient,0]
2016-02-04 14:47:48 ERROR [ProducerSendThread-] [kafka.producer.async.DefaultEventHandler] - Failed to send messages
java.lang.NoClassDefFoundError: org/xerial/snappy/SnappyInputStream
	at kafka.message.ByteBufferMessageSet$.kafka$message$ByteBufferMessageSet$$create(ByteBufferMessageSet.scala:40)
	at kafka.message.ByteBufferMessageSet.<init>(ByteBufferMessageSet.scala:101)
	at kafka.producer.async.DefaultEventHandler$$anonfun$7.apply(DefaultEventHandler.scala:318)
	at kafka.producer.async.DefaultEventHandler$$anonfun$7.apply(DefaultEventHandler.scala:301)
	at scala.collection.TraversableLike$$anonfun$map$1.apply(TraversableLike.scala:244)
	at scala.collection.TraversableLike$$anonfun$map$1.apply(TraversableLike.scala:244)
	at scala.collection.mutable.HashMap$$anonfun$foreach$1.apply(HashMap.scala:98)
	at scala.collection.mutable.HashMap$$anonfun$foreach$1.apply(HashMap.scala:98)
	at scala.collection.mutable.HashTable$class.foreachEntry(HashTable.scala:226)
	at scala.collection.mutable.HashMap.foreachEntry(HashMap.scala:39)
	at scala.collection.mutable.HashMap.foreach(HashMap.scala:98)
	at scala.collection.TraversableLike$class.map(TraversableLike.scala:244)
	at scala.collection.AbstractTraversable.map(Traversable.scala:105)
	at kafka.producer.async.DefaultEventHandler.kafka$producer$async$DefaultEventHandler$$groupMessagesToSet(DefaultEventHandler.scala:301)
	at kafka.producer.async.DefaultEventHandler$$anonfun$dispatchSerializedData$2.apply(DefaultEventHandler.scala:104)
	at kafka.producer.async.DefaultEventHandler$$anonfun$dispatchSerializedData$2.apply(DefaultEventHandler.scala:100)
	at scala.collection.TraversableLike$WithFilter$$anonfun$foreach$1.apply(TraversableLike.scala:772)
	at scala.collection.mutable.HashMap$$anonfun$foreach$1.apply(HashMap.scala:98)
	at scala.collection.mutable.HashMap$$anonfun$foreach$1.apply(HashMap.scala:98)
	at scala.collection.mutable.HashTable$class.foreachEntry(HashTable.scala:226)
	at scala.collection.mutable.HashMap.foreachEntry(HashMap.scala:39)
	at scala.collection.mutable.HashMap.foreach(HashMap.scala:98)
	at scala.collection.TraversableLike$WithFilter.foreach(TraversableLike.scala:771)
	at kafka.producer.async.DefaultEventHandler.dispatchSerializedData(DefaultEventHandler.scala:100)
	at kafka.producer.async.DefaultEventHandler.handle(DefaultEventHandler.scala:72)
	at kafka.producer.async.ProducerSendThread.tryToHandle(ProducerSendThread.scala:105)
	at kafka.producer.async.ProducerSendThread.processEvents(ProducerSendThread.scala:94)
	at kafka.producer.async.ProducerSendThread.run(ProducerSendThread.scala:45)
Caused by: java.lang.ClassNotFoundException: org.xerial.snappy.SnappyInputStream
	at java.net.URLClassLoader$1.run(URLClassLoader.java:366)
	at java.net.URLClassLoader$1.run(URLClassLoader.java:355)
	at java.security.AccessController.doPrivileged(Native Method)
	at java.net.URLClassLoader.findClass(URLClassLoader.java:354)
	at java.lang.ClassLoader.loadClass(ClassLoader.java:425)
	at sun.misc.Launcher$AppClassLoader.loadClass(Launcher.java:308)
	at java.lang.ClassLoader.loadClass(ClassLoader.java:358)
	... 28 more
2016-02-04 14:47:48 INFO  [main] [kafka.producer.async.ProducerSendThread] - Shutdown ProducerSendThread complete
2016-02-04 14:47:48 INFO  [main] [kafka.producer.ProducerPool] - Closing all sync producers
2016-02-04 14:47:48 INFO  [main] [kafka.producer.SyncProducer] - Disconnecting from 10.10.10.176:9092
2016-02-04 14:47:48 INFO  [main] [kafka.producer.SyncProducer] - Disconnecting from 10.10.10.174:9092
2016-02-04 14:47:48 INFO  [main] [kafka.producer.Producer] - Producer shutdown completed in 162 ms
2016-02-04 14:48:21 INFO  [main] [kafka.utils.VerifiableProperties] - Verifying properties
2016-02-04 14:48:22 INFO  [main] [kafka.utils.VerifiableProperties] - Property batch.num.messages is overridden to 200
2016-02-04 14:48:22 INFO  [main] [kafka.utils.VerifiableProperties] - Property compressed.topics is overridden to eagleyedubboclient
2016-02-04 14:48:22 INFO  [main] [kafka.utils.VerifiableProperties] - Property compression.codec is overridden to 1
2016-02-04 14:48:22 INFO  [main] [kafka.utils.VerifiableProperties] - Property key.serializer.class is overridden to kafka.serializer.StringEncoder
2016-02-04 14:48:22 INFO  [main] [kafka.utils.VerifiableProperties] - Property message.send.max.retries is overridden to 3
2016-02-04 14:48:22 INFO  [main] [kafka.utils.VerifiableProperties] - Property metadata.broker.list is overridden to 10.10.10.174:9092,10.10.10.176:9092
2016-02-04 14:48:22 INFO  [main] [kafka.utils.VerifiableProperties] - Property partitioner.class is overridden to kafka.producer.DefaultPartitioner
2016-02-04 14:48:22 INFO  [main] [kafka.utils.VerifiableProperties] - Property producer.type is overridden to async
2016-02-04 14:48:22 INFO  [main] [kafka.utils.VerifiableProperties] - Property queue.buffering.max.messages is overridden to 5000
2016-02-04 14:48:22 INFO  [main] [kafka.utils.VerifiableProperties] - Property queue.buffering.max.ms is overridden to 1000
2016-02-04 14:48:22 INFO  [main] [kafka.utils.VerifiableProperties] - Property queue.enqueue.timeout.ms is overridden to 0
2016-02-04 14:48:22 INFO  [main] [kafka.utils.VerifiableProperties] - Property request.required.acks is overridden to 0
2016-02-04 14:48:22 INFO  [main] [kafka.utils.VerifiableProperties] - Property request.timeout.ms is overridden to 3000
2016-02-04 14:48:22 INFO  [main] [kafka.utils.VerifiableProperties] - Property retry.backoff.ms is overridden to 100
2016-02-04 14:48:22 INFO  [main] [kafka.utils.VerifiableProperties] - Property send.buffer.bytes is overridden to 100000
2016-02-04 14:48:22 INFO  [main] [kafka.utils.VerifiableProperties] - Property serializer.class is overridden to kafka.serializer.StringEncoder
2016-02-04 14:48:22 INFO  [main] [kafka.utils.VerifiableProperties] - Property topic.metadata.refresh.interval.ms is overridden to 600000
2016-02-04 14:48:22 INFO  [main] [com.yougou.eagleye.kafka.demo.KafkaProducer] - producer==>>1454568502130=hello kafka message 1454568502130
2016-02-04 14:48:22 INFO  [main] [kafka.producer.Producer] - Shutting down producer
2016-02-04 14:48:22 INFO  [main] [kafka.producer.async.ProducerSendThread] - Begin shutting down ProducerSendThread
2016-02-04 14:48:22 DEBUG [ProducerSendThread-] [kafka.producer.async.ProducerSendThread] - Handling 1 events
2016-02-04 14:48:22 DEBUG [ProducerSendThread-] [kafka.producer.async.DefaultEventHandler] - Handling 1 events
2016-02-04 14:48:22 INFO  [ProducerSendThread-] [kafka.client.ClientUtils$] - Fetching metadata from broker id:0,host:10.10.10.174,port:9092 with correlation id 0 for 1 topic(s) Set(eagleyedubboclient)
2016-02-04 14:48:22 DEBUG [ProducerSendThread-] [kafka.network.BlockingChannel] - Created socket with SO_TIMEOUT = 3000 (requested 3000), SO_RCVBUF = 8192 (requested -1), SO_SNDBUF = 100000 (requested 100000), connectTimeoutMs = 3000.
2016-02-04 14:48:22 INFO  [ProducerSendThread-] [kafka.producer.SyncProducer] - Connected to 10.10.10.174:9092 for producing
2016-02-04 14:48:22 INFO  [ProducerSendThread-] [kafka.producer.SyncProducer] - Disconnecting from 10.10.10.174:9092
2016-02-04 14:48:22 DEBUG [ProducerSendThread-] [kafka.client.ClientUtils$] - Successfully fetched metadata for 1 topic(s) Set(eagleyedubboclient)
2016-02-04 14:48:22 DEBUG [ProducerSendThread-] [kafka.producer.BrokerPartitionInfo] - Getting broker partition info for topic eagleyedubboclient
2016-02-04 14:48:22 DEBUG [ProducerSendThread-] [kafka.producer.BrokerPartitionInfo] - Partition [eagleyedubboclient,0] has leader 1
2016-02-04 14:48:22 DEBUG [ProducerSendThread-] [kafka.producer.BrokerPartitionInfo] - Partition [eagleyedubboclient,1] has leader 0
2016-02-04 14:48:22 DEBUG [ProducerSendThread-] [kafka.producer.BrokerPartitionInfo] - Partition [eagleyedubboclient,2] has leader 1
2016-02-04 14:48:22 DEBUG [ProducerSendThread-] [kafka.producer.BrokerPartitionInfo] - Partition [eagleyedubboclient,3] has leader 0
2016-02-04 14:48:22 DEBUG [ProducerSendThread-] [kafka.producer.async.DefaultEventHandler] - Broker partitions registered for topic: eagleyedubboclient are 0,1,2,3
2016-02-04 14:48:22 DEBUG [ProducerSendThread-] [kafka.producer.async.DefaultEventHandler] - Sending 1 messages with compression codec 1 to [eagleyedubboclient,0]
2016-02-04 14:48:22 ERROR [ProducerSendThread-] [kafka.producer.async.DefaultEventHandler] - Failed to send messages
java.lang.NoClassDefFoundError: org/xerial/snappy/SnappyInputStream
	at kafka.message.ByteBufferMessageSet$.kafka$message$ByteBufferMessageSet$$create(ByteBufferMessageSet.scala:40)
	at kafka.message.ByteBufferMessageSet.<init>(ByteBufferMessageSet.scala:101)
	at kafka.producer.async.DefaultEventHandler$$anonfun$7.apply(DefaultEventHandler.scala:318)
	at kafka.producer.async.DefaultEventHandler$$anonfun$7.apply(DefaultEventHandler.scala:301)
	at scala.collection.TraversableLike$$anonfun$map$1.apply(TraversableLike.scala:244)
	at scala.collection.TraversableLike$$anonfun$map$1.apply(TraversableLike.scala:244)
	at scala.collection.mutable.HashMap$$anonfun$foreach$1.apply(HashMap.scala:98)
	at scala.collection.mutable.HashMap$$anonfun$foreach$1.apply(HashMap.scala:98)
	at scala.collection.mutable.HashTable$class.foreachEntry(HashTable.scala:226)
	at scala.collection.mutable.HashMap.foreachEntry(HashMap.scala:39)
	at scala.collection.mutable.HashMap.foreach(HashMap.scala:98)
	at scala.collection.TraversableLike$class.map(TraversableLike.scala:244)
	at scala.collection.AbstractTraversable.map(Traversable.scala:105)
	at kafka.producer.async.DefaultEventHandler.kafka$producer$async$DefaultEventHandler$$groupMessagesToSet(DefaultEventHandler.scala:301)
	at kafka.producer.async.DefaultEventHandler$$anonfun$dispatchSerializedData$2.apply(DefaultEventHandler.scala:104)
	at kafka.producer.async.DefaultEventHandler$$anonfun$dispatchSerializedData$2.apply(DefaultEventHandler.scala:100)
	at scala.collection.TraversableLike$WithFilter$$anonfun$foreach$1.apply(TraversableLike.scala:772)
	at scala.collection.mutable.HashMap$$anonfun$foreach$1.apply(HashMap.scala:98)
	at scala.collection.mutable.HashMap$$anonfun$foreach$1.apply(HashMap.scala:98)
	at scala.collection.mutable.HashTable$class.foreachEntry(HashTable.scala:226)
	at scala.collection.mutable.HashMap.foreachEntry(HashMap.scala:39)
	at scala.collection.mutable.HashMap.foreach(HashMap.scala:98)
	at scala.collection.TraversableLike$WithFilter.foreach(TraversableLike.scala:771)
	at kafka.producer.async.DefaultEventHandler.dispatchSerializedData(DefaultEventHandler.scala:100)
	at kafka.producer.async.DefaultEventHandler.handle(DefaultEventHandler.scala:72)
	at kafka.producer.async.ProducerSendThread.tryToHandle(ProducerSendThread.scala:105)
	at kafka.producer.async.ProducerSendThread.processEvents(ProducerSendThread.scala:94)
	at kafka.producer.async.ProducerSendThread.run(ProducerSendThread.scala:45)
Caused by: java.lang.ClassNotFoundException: org.xerial.snappy.SnappyInputStream
	at java.net.URLClassLoader$1.run(URLClassLoader.java:366)
	at java.net.URLClassLoader$1.run(URLClassLoader.java:355)
	at java.security.AccessController.doPrivileged(Native Method)
	at java.net.URLClassLoader.findClass(URLClassLoader.java:354)
	at java.lang.ClassLoader.loadClass(ClassLoader.java:425)
	at sun.misc.Launcher$AppClassLoader.loadClass(Launcher.java:308)
	at java.lang.ClassLoader.loadClass(ClassLoader.java:358)
	... 28 more
2016-02-04 14:48:22 INFO  [main] [kafka.producer.async.ProducerSendThread] - Shutdown ProducerSendThread complete
2016-02-04 14:48:22 INFO  [main] [kafka.producer.ProducerPool] - Closing all sync producers
2016-02-04 14:48:22 INFO  [main] [kafka.producer.SyncProducer] - Disconnecting from 10.10.10.176:9092
2016-02-04 14:48:22 INFO  [main] [kafka.producer.SyncProducer] - Disconnecting from 10.10.10.174:9092
2016-02-04 14:48:22 INFO  [main] [kafka.producer.Producer] - Producer shutdown completed in 118 ms
2016-02-04 16:17:11 INFO  [main] [kafka.utils.VerifiableProperties] - Verifying properties
2016-02-04 16:17:11 INFO  [main] [kafka.utils.VerifiableProperties] - Property batch.num.messages is overridden to 200
2016-02-04 16:17:11 INFO  [main] [kafka.utils.VerifiableProperties] - Property compressed.topics is overridden to eagleyedubboclient
2016-02-04 16:17:11 INFO  [main] [kafka.utils.VerifiableProperties] - Property compression.codec is overridden to snappy
2016-02-04 16:17:11 INFO  [main] [kafka.utils.VerifiableProperties] - Property key.serializer.class is overridden to kafka.serializer.StringEncoder
2016-02-04 16:17:11 INFO  [main] [kafka.utils.VerifiableProperties] - Property message.send.max.retries is overridden to 1
2016-02-04 16:17:11 INFO  [main] [kafka.utils.VerifiableProperties] - Property metadata.broker.list is overridden to 10.10.10.174:9092,10.10.10.176:9092
2016-02-04 16:17:11 INFO  [main] [kafka.utils.VerifiableProperties] - Property partitioner.class is overridden to kafka.producer.DefaultPartitioner
2016-02-04 16:17:11 INFO  [main] [kafka.utils.VerifiableProperties] - Property producer.type is overridden to async
2016-02-04 16:17:11 INFO  [main] [kafka.utils.VerifiableProperties] - Property queue.buffering.max.messages is overridden to 5000
2016-02-04 16:17:11 INFO  [main] [kafka.utils.VerifiableProperties] - Property queue.buffering.max.ms is overridden to 1000
2016-02-04 16:17:11 INFO  [main] [kafka.utils.VerifiableProperties] - Property queue.enqueue.timeout.ms is overridden to 0
2016-02-04 16:17:11 INFO  [main] [kafka.utils.VerifiableProperties] - Property request.required.acks is overridden to 0
2016-02-04 16:17:11 INFO  [main] [kafka.utils.VerifiableProperties] - Property request.timeout.ms is overridden to 3000
2016-02-04 16:17:11 INFO  [main] [kafka.utils.VerifiableProperties] - Property retry.backoff.ms is overridden to 100
2016-02-04 16:17:11 INFO  [main] [kafka.utils.VerifiableProperties] - Property send.buffer.bytes is overridden to 100000
2016-02-04 16:17:11 INFO  [main] [kafka.utils.VerifiableProperties] - Property serializer.class is overridden to kafka.serializer.StringEncoder
2016-02-04 16:17:11 INFO  [main] [kafka.utils.VerifiableProperties] - Property topic.metadata.refresh.interval.ms is overridden to 600000
2016-02-04 16:17:11 INFO  [main] [com.yougou.eagleye.kafka.demo.KafkaProducer] - producer==>>1454573831665=hello kafka message 1454573831665
2016-02-04 16:17:11 INFO  [main] [kafka.producer.Producer] - Shutting down producer
2016-02-04 16:17:11 INFO  [main] [kafka.producer.async.ProducerSendThread] - Begin shutting down ProducerSendThread
2016-02-04 16:17:11 DEBUG [ProducerSendThread-] [kafka.producer.async.ProducerSendThread] - Handling 1 events
2016-02-04 16:17:11 DEBUG [ProducerSendThread-] [kafka.producer.async.DefaultEventHandler] - Handling 1 events
2016-02-04 16:17:11 INFO  [ProducerSendThread-] [kafka.client.ClientUtils$] - Fetching metadata from broker id:0,host:10.10.10.174,port:9092 with correlation id 0 for 1 topic(s) Set(eagleyedubboclient)
2016-02-04 16:17:11 DEBUG [ProducerSendThread-] [kafka.network.BlockingChannel] - Created socket with SO_TIMEOUT = 3000 (requested 3000), SO_RCVBUF = 8192 (requested -1), SO_SNDBUF = 100000 (requested 100000), connectTimeoutMs = 3000.
2016-02-04 16:17:11 INFO  [ProducerSendThread-] [kafka.producer.SyncProducer] - Connected to 10.10.10.174:9092 for producing
2016-02-04 16:17:11 INFO  [ProducerSendThread-] [kafka.producer.SyncProducer] - Disconnecting from 10.10.10.174:9092
2016-02-04 16:17:11 DEBUG [ProducerSendThread-] [kafka.client.ClientUtils$] - Successfully fetched metadata for 1 topic(s) Set(eagleyedubboclient)
2016-02-04 16:17:11 DEBUG [ProducerSendThread-] [kafka.producer.BrokerPartitionInfo] - Getting broker partition info for topic eagleyedubboclient
2016-02-04 16:17:11 DEBUG [ProducerSendThread-] [kafka.producer.BrokerPartitionInfo] - Partition [eagleyedubboclient,0] has leader 1
2016-02-04 16:17:11 DEBUG [ProducerSendThread-] [kafka.producer.BrokerPartitionInfo] - Partition [eagleyedubboclient,1] has leader 0
2016-02-04 16:17:11 DEBUG [ProducerSendThread-] [kafka.producer.BrokerPartitionInfo] - Partition [eagleyedubboclient,2] has leader 1
2016-02-04 16:17:11 DEBUG [ProducerSendThread-] [kafka.producer.BrokerPartitionInfo] - Partition [eagleyedubboclient,3] has leader 0
2016-02-04 16:17:11 DEBUG [ProducerSendThread-] [kafka.producer.async.DefaultEventHandler] - Broker partitions registered for topic: eagleyedubboclient are 0,1,2,3
2016-02-04 16:17:11 DEBUG [ProducerSendThread-] [kafka.producer.async.DefaultEventHandler] - Sending 1 messages with compression codec 2 to [eagleyedubboclient,2]
2016-02-04 16:17:12 DEBUG [ProducerSendThread-] [kafka.producer.async.DefaultEventHandler] - Producer sending messages with correlation id 2 for topics [eagleyedubboclient,2] to broker 1 on 10.10.10.176:9092
2016-02-04 16:17:12 DEBUG [ProducerSendThread-] [kafka.network.BlockingChannel] - Created socket with SO_TIMEOUT = 3000 (requested 3000), SO_RCVBUF = 8192 (requested -1), SO_SNDBUF = 100000 (requested 100000), connectTimeoutMs = 3000.
2016-02-04 16:17:12 INFO  [ProducerSendThread-] [kafka.producer.SyncProducer] - Connected to 10.10.10.176:9092 for producing
2016-02-04 16:17:12 DEBUG [ProducerSendThread-] [kafka.producer.async.DefaultEventHandler] - Producer sent messages with correlation id 2 for topics [eagleyedubboclient,2] to broker 1 on 10.10.10.176:9092
2016-02-04 16:17:12 INFO  [main] [kafka.producer.async.ProducerSendThread] - Shutdown ProducerSendThread complete
2016-02-04 16:17:12 INFO  [main] [kafka.producer.ProducerPool] - Closing all sync producers
2016-02-04 16:17:12 INFO  [main] [kafka.producer.SyncProducer] - Disconnecting from 10.10.10.176:9092
2016-02-04 16:17:12 INFO  [main] [kafka.producer.SyncProducer] - Disconnecting from 10.10.10.174:9092
2016-02-04 16:17:12 INFO  [main] [kafka.producer.Producer] - Producer shutdown completed in 719 ms
